<?xml version="1.0" encoding="UTF-8"?>
<!-- Generated by org.testng.reporters.JUnitReportReporter -->
<testsuite hostname="akhireddy-PC" name="jan24.Demo1" tests="3" failures="0" timestamp="24 Jan 2020 16:27:51 GMT" time="0.081" errors="0">
  <testcase name="compose" time="0.068" classname="jan24.Demo1"/>
  <testcase name="reply" time="0.012" classname="jan24.Demo1"/>
  <testcase name="login" time="0.001" classname="jan24.Demo1"/>
</testsuite> <!-- jan24.Demo1 -->
