<?xml version="1.0" encoding="UTF-8"?>
<!-- Generated by org.testng.reporters.JUnitReportReporter -->
<testsuite skipped="0" hostname="akhireddy-PC" name="DriverFactory.DataDrivenFramework" tests="1" failures="0" timestamp="29 Jan 2020 16:11:21 GMT" time="56.282" errors="0">
  <testcase name="verifyLogin" time="56.282" classname="DriverFactory.DataDrivenFramework"/>
</testsuite> <!-- DriverFactory.DataDrivenFramework -->
