<?xml version="1.0" encoding="UTF-8"?>
<!-- Generated by org.testng.reporters.JUnitReportReporter -->
<testsuite hostname="akhireddy-PC" name="jan24.Demo2" tests="2" failures="0" timestamp="24 Jan 2020 16:27:51 GMT" time="16.667" errors="0">
  <testcase name="Cruises" time="8.266" classname="jan24.Demo2"/>
  <testcase name="register" time="8.401" classname="jan24.Demo2"/>
</testsuite> <!-- jan24.Demo2 -->
