<?xml version="1.0" encoding="UTF-8"?>
<!-- Generated by org.testng.reporters.JUnitReportReporter -->
<testsuite skipped="1" hostname="akhireddy-PC" name="ApplicationLayer.TestScript" tests="2" failures="0" timestamp="07 Aug 2019 16:02:35 GMT" time="69.896" errors="0">
  <testcase name="usercreation" time="69.896" classname="ApplicationLayer.TestScript"/>
  <testcase name="Empcreation" classname="ApplicationLayer.TestScript">
    <skipped/>
  </testcase> <!-- Empcreation -->
</testsuite> <!-- ApplicationLayer.TestScript -->
