<?xml version="1.0" encoding="UTF-8"?>
<!-- Generated by org.testng.reporters.JUnitReportReporter -->
<testsuite skipped="0" hostname="akhireddy-PC" name="DriverFactory.TestScript" tests="2" failures="0" timestamp="04 Feb 2020 15:56:50 GMT" time="108.354" errors="0">
  <testcase name="usercreation" time="45.211" classname="DriverFactory.TestScript"/>
  <testcase name="addemp" time="63.143" classname="DriverFactory.TestScript"/>
</testsuite> <!-- DriverFactory.TestScript -->
