<?xml version="1.0" encoding="UTF-8"?>
<!-- Generated by org.testng.reporters.JUnitReportReporter -->
<testsuite skipped="0" hostname="akhireddy-PC" name="DriverFactory.DriverScript" tests="1" failures="0" timestamp="31 Jan 2020 16:16:49 GMT" time="98.054" errors="0">
  <testcase name="stratTest" time="98.054" classname="DriverFactory.DriverScript"/>
</testsuite> <!-- DriverFactory.DriverScript -->
